This is pdfTeX, Version 3.141592653-2.6-1.40.22 (MiKTeX 21.2) (preloaded format=pdflatex 2021.2.23)  12 APR 2021 13:03
entering extended mode
**C:/Users/gibbo/OneDrive/Documents/GitHub/HEC_2_senior_design/LaTeX/FDR_Draft.
tex

(C:/Users/gibbo/OneDrive/Documents/GitHub/HEC_2_senior_design/LaTeX/FDR_Draft.t
ex
LaTeX2e <2020-10-01> patch level 4
L3 programming layer <2021-02-18> xparse <2020-03-03>
(D:\Programs\MikTeX\tex/latex/base\article.cls
Document Class: article 2020/04/10 v1.4m Standard LaTeX document class
(D:\Programs\MikTeX\tex/latex/base\size12.clo
File: size12.clo 2020/04/10 v1.4m Standard LaTeX file (size option)
)
\c@part=\count179
\c@section=\count180
\c@subsection=\count181
\c@subsubsection=\count182
\c@paragraph=\count183
\c@subparagraph=\count184
\c@figure=\count185
\c@table=\count186
\abovecaptionskip=\skip47
\belowcaptionskip=\skip48
\bibindent=\dimen138
)
(D:\Programs\MikTeX\tex/latex/geometry\geometry.sty
Package: geometry 2020/01/02 v5.9 Page Geometry

(D:\Programs\MikTeX\tex/latex/graphics\keyval.sty
Package: keyval 2014/10/28 v1.15 key=value parser (DPC)
\KV@toks@=\toks15
)
(D:\Programs\MikTeX\tex/generic/iftex\ifvtex.sty
Package: ifvtex 2019/10/25 v1.7 ifvtex legacy package. Use iftex instead.

(D:\Programs\MikTeX\tex/generic/iftex\iftex.sty
Package: iftex 2020/03/06 v1.0d TeX engine tests
))
\Gm@cnth=\count187
\Gm@cntv=\count188
\c@Gm@tempcnt=\count189
\Gm@bindingoffset=\dimen139
\Gm@wd@mp=\dimen140
\Gm@odd@mp=\dimen141
\Gm@even@mp=\dimen142
\Gm@layoutwidth=\dimen143
\Gm@layoutheight=\dimen144
\Gm@layouthoffset=\dimen145
\Gm@layoutvoffset=\dimen146
\Gm@dimlist=\toks16

(D:\Programs\MikTeX\tex/latex/geometry\geometry.cfg)

Package geometry Warning: Over-specification in `h'-direction.
    `width' (614.295pt) is ignored.


Package geometry Warning: Over-specification in `v'-direction.
    `height' (794.96999pt) is ignored.

) (D:\Programs\MikTeX\tex/generic/babel\babel.sty
Package: babel 2021/01/26 3.53 The Babel package

(D:\Programs\MikTeX\tex/generic/babel\babel.def
File: babel.def 2021/01/26 3.53 Babel common definitions
\babel@savecnt=\count190
\U@D=\dimen147
\l@babelnohyphens=\language83

(D:\Programs\MikTeX\tex/generic/babel\txtbabel.def)
\bbl@readstream=\read2
)
\bbl@dirlevel=\count191

*************************************
* Local config file bblopts.cfg used
*
(D:\Programs\MikTeX\tex/latex/arabi\bblopts.cfg
File: bblopts.cfg 2005/09/08 v0.1 add Arabic and Farsi to "declared" options of
 babel
)
(D:\Programs\MikTeX\tex/latex/babel-english\english.ldf
Language: english 2017/06/06 v3.3r English support from the babel system
Package babel Info: \l@canadian = using hyphenrules for english
(babel)             (\language0) on input line 102.
Package babel Info: \l@australian = using hyphenrules for ukenglish
(babel)             (\language77) on input line 105.
Package babel Info: \l@newzealand = using hyphenrules for ukenglish
(babel)             (\language77) on input line 108.
))
(D:\Programs\MikTeX\tex/latex/csquotes\csquotes.sty
Package: csquotes 2021-01-04 v5.2k context-sensitive quotations (JAW)

(D:\Programs\MikTeX\tex/latex/etoolbox\etoolbox.sty
Package: etoolbox 2020/10/05 v2.5k e-TeX tools for LaTeX (JAW)
\etb@tempcnta=\count192
)
\csq@reset=\count193
\csq@gtype=\count194
\csq@glevel=\count195
\csq@qlevel=\count196
\csq@maxlvl=\count197
\csq@tshold=\count198
\csq@ltx@everypar=\toks17

(D:\Programs\MikTeX\tex/latex/csquotes\csquotes.def
File: csquotes.def 2021-01-04 v5.2k csquotes generic definitions (JAW)
)
Package csquotes Info: Trying to load configuration file 'csquotes.cfg'...
Package csquotes Info: ... configuration file loaded successfully.

(D:\Programs\MikTeX\tex/latex/csquotes\csquotes.cfg
File: csquotes.cfg 
))
(D:\Programs\MikTeX\tex/latex/graphics\graphicx.sty
Package: graphicx 2020/09/09 v1.2b Enhanced LaTeX Graphics (DPC,SPQR)

(D:\Programs\MikTeX\tex/latex/graphics\graphics.sty
Package: graphics 2020/08/30 v1.4c Standard LaTeX Graphics (DPC,SPQR)

(D:\Programs\MikTeX\tex/latex/graphics\trig.sty
Package: trig 2016/01/03 v1.10 sin cos tan (DPC)
)
(D:\Programs\MikTeX\tex/latex/graphics-cfg\graphics.cfg
File: graphics.cfg 2016/06/04 v1.11 sample graphics configuration
)
Package graphics Info: Driver file: pdftex.def on input line 105.

(D:\Programs\MikTeX\tex/latex/graphics-def\pdftex.def
File: pdftex.def 2020/10/05 v1.2a Graphics/color driver for pdftex
))
\Gin@req@height=\dimen148
\Gin@req@width=\dimen149
)
(D:\Programs\MikTeX\tex/latex/caption\caption.sty
Package: caption 2020/10/26 v3.5g Customizing captions (AR)

(D:\Programs\MikTeX\tex/latex/caption\caption3.sty
Package: caption3 2020/10/21 v2.2e caption3 kernel (AR)
\captionmargin=\dimen150
\captionmargin@=\dimen151
\captionwidth=\dimen152
\caption@tempdima=\dimen153
\caption@indent=\dimen154
\caption@parindent=\dimen155
\caption@hangindent=\dimen156
Package caption Info: Standard document class detected.
)
\c@caption@flags=\count199
\c@continuedfloat=\count266
)
(D:\Programs\MikTeX\tex/latex/titlesec\titlesec.sty
Package: titlesec 2019/10/16 v2.13 Sectioning titles
\ttl@box=\box47
\beforetitleunit=\skip49
\aftertitleunit=\skip50
\ttl@plus=\dimen157
\ttl@minus=\dimen158
\ttl@toksa=\toks18
\titlewidth=\dimen159
\titlewidthlast=\dimen160
\titlewidthfirst=\dimen161
)
(D:\Programs\MikTeX\tex/latex/wrapfig\wrapfig.sty
\wrapoverhang=\dimen162
\WF@size=\dimen163
\c@WF@wrappedlines=\count267
\WF@box=\box48
\WF@everypar=\toks19
Package: wrapfig 2003/01/31  v 3.6
)
(D:\Programs\MikTeX\tex/latex/latex-tools\multicol.sty
Package: multicol 2019/12/09 v1.8y multicolumn formatting (FMi)
\c@tracingmulticols=\count268
\mult@box=\box49
\multicol@leftmargin=\dimen164
\c@unbalance=\count269
\c@collectmore=\count270
\doublecol@number=\count271
\multicoltolerance=\count272
\multicolpretolerance=\count273
\full@width=\dimen165
\page@free=\dimen166
\premulticols=\dimen167
\postmulticols=\dimen168
\multicolsep=\skip51
\multicolbaselineskip=\skip52
\partial@page=\box50
\last@line=\box51
\maxbalancingoverflow=\dimen169
\mult@rightbox=\box52
\mult@grightbox=\box53
\mult@gfirstbox=\box54
\mult@firstbox=\box55
\@tempa=\box56
\@tempa=\box57
\@tempa=\box58
\@tempa=\box59
\@tempa=\box60
\@tempa=\box61
\@tempa=\box62
\@tempa=\box63
\@tempa=\box64
\@tempa=\box65
\@tempa=\box66
\@tempa=\box67
\@tempa=\box68
\@tempa=\box69
\@tempa=\box70
\@tempa=\box71
\@tempa=\box72
\@tempa=\box73
\@tempa=\box74
\@tempa=\box75
\@tempa=\box76
\@tempa=\box77
\@tempa=\box78
\@tempa=\box79
\@tempa=\box80
\@tempa=\box81
\@tempa=\box82
\@tempa=\box83
\@tempa=\box84
\@tempa=\box85
\@tempa=\box86
\@tempa=\box87
\@tempa=\box88
\@tempa=\box89
\@tempa=\box90
\@tempa=\box91
\@tempa=\box92
\c@minrows=\count274
\c@columnbadness=\count275
\c@finalcolumnbadness=\count276
\last@try=\dimen170
\multicolovershoot=\dimen171
\multicolundershoot=\dimen172
\mult@nat@firstbox=\box93
\colbreak@box=\box94
\mc@col@check@num=\count277
)
(D:\Programs\MikTeX\tex/latex/multirow\multirow.sty
Package: multirow 2021/01/29 v2.7 Span multiple rows of a table
\multirow@colwidth=\skip53
\multirow@cntb=\count278
\multirow@dima=\skip54
\bigstrutjot=\dimen173
)
(D:\Programs\MikTeX\tex/latex/tocloft\tocloft.sty
Package: tocloft 2017/08/31 v2.3i parameterised ToC, etc., typesetting
Package tocloft Info: The document has section divisions on input line 51.
\cftparskip=\skip55
\cftbeforetoctitleskip=\skip56
\cftaftertoctitleskip=\skip57
\cftbeforepartskip=\skip58
\cftpartnumwidth=\skip59
\cftpartindent=\skip60
\cftbeforesecskip=\skip61
\cftsecindent=\skip62
\cftsecnumwidth=\skip63
\cftbeforesubsecskip=\skip64
\cftsubsecindent=\skip65
\cftsubsecnumwidth=\skip66
\cftbeforesubsubsecskip=\skip67
\cftsubsubsecindent=\skip68
\cftsubsubsecnumwidth=\skip69
\cftbeforeparaskip=\skip70
\cftparaindent=\skip71
\cftparanumwidth=\skip72
\cftbeforesubparaskip=\skip73
\cftsubparaindent=\skip74
\cftsubparanumwidth=\skip75
\cftbeforeloftitleskip=\skip76
\cftafterloftitleskip=\skip77
\cftbeforefigskip=\skip78
\cftfigindent=\skip79
\cftfignumwidth=\skip80
\c@lofdepth=\count279
\c@lotdepth=\count280
\cftbeforelottitleskip=\skip81
\cftafterlottitleskip=\skip82
\cftbeforetabskip=\skip83
\cfttabindent=\skip84
\cfttabnumwidth=\skip85
)
(D:\Programs\MikTeX\tex/latex/amsfonts\amssymb.sty
Package: amssymb 2013/01/14 v3.01 AMS font symbols

(D:\Programs\MikTeX\tex/latex/amsfonts\amsfonts.sty
Package: amsfonts 2013/01/14 v3.01 Basic AMSFonts support
\@emptytoks=\toks20
\symAMSa=\mathgroup4
\symAMSb=\mathgroup5
LaTeX Font Info:    Redeclaring math symbol \hbar on input line 98.
LaTeX Font Info:    Overwriting math alphabet `\mathfrak' in version `bold'
(Font)                  U/euf/m/n --> U/euf/b/n on input line 106.
))
(D:\Programs\MikTeX\tex/latex/appendix\appendix.sty
Package: appendix 2020/02/08 v1.2c extra appendix facilities
\c@@pps=\count281
\c@@ppsavesec=\count282
\c@@ppsaveapp=\count283
)
(D:\Programs\MikTeX\tex/latex/koma-script\scrextend.sty
Package: scrextend 2020/09/21 v3.32 KOMA-Script package (extend other classes w
ith features of KOMA-Script classes)

(D:\Programs\MikTeX\tex/latex/koma-script\scrkbase.sty
Package: scrkbase 2020/09/21 v3.32 KOMA-Script package (KOMA-Script-dependent b
asics and keyval usage)

(D:\Programs\MikTeX\tex/latex/koma-script\scrbase.sty
Package: scrbase 2020/09/21 v3.32 KOMA-Script package (KOMA-Script-independent 
basics and keyval usage)

(D:\Programs\MikTeX\tex/latex/koma-script\scrlfile.sty
Package: scrlfile 2020/09/21 v3.32 KOMA-Script package (file load hooks)

(D:\Programs\MikTeX\tex/latex/koma-script\scrlfile-hook.sty
Package: scrlfile-hook 2020/09/21 v3.32 KOMA-Script package (using LaTeX hooks)


LaTeX3 Info: Defining command \BeforeFile with sig. 'm' on line 61.


LaTeX3 Info: Defining command \AfterFile with sig. 'm' on line 65.


LaTeX3 Info: Defining command \BeforeClass with sig. 'm' on line 69.


LaTeX3 Info: Defining command \BeforePackage with sig. 'm' on line 73.


LaTeX3 Info: Defining command \AfterAtEndOfClass with sig. 'smo+m' on line 83.


LaTeX3 Info: Defining command \AfterAtEndOfPackage with sig. 'smo+m' on line
(LaTeX3)     93.


LaTeX3 Info: Defining command \scrlfile@AfterClass with sig. 'smo+m' on line
(LaTeX3)     173.


LaTeX3 Info: Defining command \AfterClass with sig. '' on line 174.


LaTeX3 Info: Defining command \scrlfile@AfterPackage with sig. 'smo+m' on line
(LaTeX3)     191.


LaTeX3 Info: Defining command \AfterPackage with sig. '' on line 192.


LaTeX3 Info: Defining command \ReplaceInput with sig. '' on line 193.


LaTeX3 Info: Defining command \ReplaceClass with sig. 'mm' on line 196.


LaTeX3 Info: Defining command \ReplacePackage with sig. 'mm' on line 199.


LaTeX3 Info: Defining command \UnReplaceInput with sig. '' on line 200.


LaTeX3 Info: Defining command \UnReplaceClass with sig. 'm' on line 203.


LaTeX3 Info: Defining command \UnReplacePackage with sig. 'mm' on line 206.


LaTeX3 Info: Defining command \PreventPackageFromLoading with sig. 's+om' on
(LaTeX3)     line 234.


LaTeX3 Info: Defining command \StorePreventPackageFromLoading with sig. 'm' on
(LaTeX3)     line 242.


LaTeX3 Info: Defining command \ResetPreventPackageFromLoading with sig. '' on
(LaTeX3)     line 247.


LaTeX3 Info: Defining command \UnPreventPackageFromLoading with sig. 'sm' on
(LaTeX3)     line 261.


LaTeX3 Info: Defining command \BeforeClosingMainAux with sig. 'om' on line
(LaTeX3)     274.


LaTeX3 Info: Defining command \AfterReadingMainAux with sig. 'om' on line 287.


LaTeX3 Info: Defining command \protected@immediate@write with sig. 'm+m+m' on
(LaTeX3)     line 298.


(D:\Programs\MikTeX\tex/latex/koma-script\scrlogo.sty
Package: scrlogo 2020/09/21 v3.32 KOMA-Script package (logo)
))))))
(D:\Programs\MikTeX\tex/latex/base\inputenc.sty
Package: inputenc 2020/08/01 v1.3d Input encoding file
\inpenc@prehook=\toks21
\inpenc@posthook=\toks22
)
(D:\Programs\MikTeX\tex/latex/comment\comment.sty
\CommentStream=\write3
 Excluding comment 'comment')
(D:\Programs\MikTeX\tex/latex/biblatex\biblatex.sty
Package: biblatex 2020/12/31 v3.16 programmable bibliographies (PK/MW)

(D:\Programs\MikTeX\tex/generic/pdftexcmds\pdftexcmds.sty
Package: pdftexcmds 2020-06-27 v0.33 Utility functions of pdfTeX for LuaTeX (HO
)

(D:\Programs\MikTeX\tex/generic/infwarerr\infwarerr.sty
Package: infwarerr 2019/12/03 v1.5 Providing info/warning/error messages (HO)
)
(D:\Programs\MikTeX\tex/generic/ltxcmds\ltxcmds.sty
Package: ltxcmds 2020-05-10 v1.25 LaTeX kernel commands for general use (HO)
)
Package pdftexcmds Info: \pdf@primitive is available.
Package pdftexcmds Info: \pdf@ifprimitive is available.
Package pdftexcmds Info: \pdfdraftmode found.
)
(D:\Programs\MikTeX\tex/latex/kvoptions\kvoptions.sty
Package: kvoptions 2020-10-07 v3.14 Key value format for package options (HO)

(D:\Programs\MikTeX\tex/generic/kvsetkeys\kvsetkeys.sty
Package: kvsetkeys 2019/12/15 v1.18 Key value parser (HO)
))
(D:\Programs\MikTeX\tex/latex/logreq\logreq.sty
Package: logreq 2010/08/04 v1.0 xml request logger
\lrq@indent=\count284

(D:\Programs\MikTeX\tex/latex/logreq\logreq.def
File: logreq.def 2010/08/04 v1.0 logreq spec v1.0
))
(D:\Programs\MikTeX\tex/latex/base\ifthen.sty
Package: ifthen 2014/09/29 v1.1c Standard LaTeX ifthen package (DPC)
)
(D:\Programs\MikTeX\tex/latex/url\url.sty
\Urlmuskip=\muskip16
Package: url 2013/09/16  ver 3.4  Verb mode for urls, etc.
)
\c@tabx@nest=\count285
\c@listtotal=\count286
\c@listcount=\count287
\c@liststart=\count288
\c@liststop=\count289
\c@citecount=\count290
\c@citetotal=\count291
\c@multicitecount=\count292
\c@multicitetotal=\count293
\c@instcount=\count294
\c@maxnames=\count295
\c@minnames=\count296
\c@maxitems=\count297
\c@minitems=\count298
\c@citecounter=\count299
\c@maxcitecounter=\count300
\c@savedcitecounter=\count301
\c@uniquelist=\count302
\c@uniquename=\count303
\c@refsection=\count304
\c@refsegment=\count305
\c@maxextratitle=\count306
\c@maxextratitleyear=\count307
\c@maxextraname=\count308
\c@maxextradate=\count309
\c@maxextraalpha=\count310
\c@abbrvpenalty=\count311
\c@highnamepenalty=\count312
\c@lownamepenalty=\count313
\c@maxparens=\count314
\c@parenlevel=\count315
\blx@tempcnta=\count316
\blx@tempcntb=\count317
\blx@tempcntc=\count318
\blx@maxsection=\count319
\blx@maxsegment@0=\count320
\blx@notetype=\count321
\blx@parenlevel@text=\count322
\blx@parenlevel@foot=\count323
\blx@sectionciteorder@0=\count324
\blx@entrysetcounter=\count325
\blx@biblioinstance=\count326
\labelnumberwidth=\skip86
\labelalphawidth=\skip87
\biblabelsep=\skip88
\bibitemsep=\skip89
\bibnamesep=\skip90
\bibinitsep=\skip91
\bibparsep=\skip92
\bibhang=\skip93
\blx@bcfin=\read3
\blx@bcfout=\write4
\blx@langwohyphens=\language84
\c@mincomprange=\count327
\c@maxcomprange=\count328
\c@mincompwidth=\count329
Package biblatex Info: Trying to load biblatex default data model...
Package biblatex Info: ... file 'blx-dm.def' found.

(D:\Programs\MikTeX\tex/latex/biblatex\blx-dm.def
File: blx-dm.def 2020/12/31 v3.16 biblatex localization (PK/MW)
)
Package biblatex Info: Trying to load biblatex style data model...
Package biblatex Info: ... file 'numeric.dbx' not found.
Package biblatex Info: Trying to load biblatex custom data model...
Package biblatex Info: ... file 'biblatex-dm.cfg' not found.
\c@afterword=\count330
\c@savedafterword=\count331
\c@annotator=\count332
\c@savedannotator=\count333
\c@author=\count334
\c@savedauthor=\count335
\c@bookauthor=\count336
\c@savedbookauthor=\count337
\c@commentator=\count338
\c@savedcommentator=\count339
\c@editor=\count340
\c@savededitor=\count341
\c@editora=\count342
\c@savededitora=\count343
\c@editorb=\count344
\c@savededitorb=\count345
\c@editorc=\count346
\c@savededitorc=\count347
\c@foreword=\count348
\c@savedforeword=\count349
\c@holder=\count350
\c@savedholder=\count351
\c@introduction=\count352
\c@savedintroduction=\count353
\c@namea=\count354
\c@savednamea=\count355
\c@nameb=\count356
\c@savednameb=\count357
\c@namec=\count358
\c@savednamec=\count359
\c@translator=\count360
\c@savedtranslator=\count361
\c@shortauthor=\count362
\c@savedshortauthor=\count363
\c@shorteditor=\count364
\c@savedshorteditor=\count365
\c@labelname=\count366
\c@savedlabelname=\count367
\c@institution=\count368
\c@savedinstitution=\count369
\c@lista=\count370
\c@savedlista=\count371
\c@listb=\count372
\c@savedlistb=\count373
\c@listc=\count374
\c@savedlistc=\count375
\c@listd=\count376
\c@savedlistd=\count377
\c@liste=\count378
\c@savedliste=\count379
\c@listf=\count380
\c@savedlistf=\count381
\c@location=\count382
\c@savedlocation=\count383
\c@organization=\count384
\c@savedorganization=\count385
\c@origlocation=\count386
\c@savedoriglocation=\count387
\c@origpublisher=\count388
\c@savedorigpublisher=\count389
\c@publisher=\count390
\c@savedpublisher=\count391
\c@language=\count392
\c@savedlanguage=\count393
\c@origlanguage=\count394
\c@savedoriglanguage=\count395
\c@pageref=\count396
\c@savedpageref=\count397
\shorthandwidth=\skip94
\shortjournalwidth=\skip95
\shortserieswidth=\skip96
\shorttitlewidth=\skip97
\shortauthorwidth=\skip98
\shorteditorwidth=\skip99
\locallabelnumberwidth=\skip100
\locallabelalphawidth=\skip101
\localshorthandwidth=\skip102
\localshortjournalwidth=\skip103
\localshortserieswidth=\skip104
\localshorttitlewidth=\skip105
\localshortauthorwidth=\skip106
\localshorteditorwidth=\skip107
Package biblatex Info: Trying to load compatibility code...
Package biblatex Info: ... file 'blx-compat.def' found.

(D:\Programs\MikTeX\tex/latex/biblatex\blx-compat.def
File: blx-compat.def 2020/12/31 v3.16 biblatex compatibility (PK/MW)
)
Package biblatex Info: Trying to load BibTeX backend compatibility...
Package biblatex Info: ... file 'blx-bibtex.def' found.

(D:\Programs\MikTeX\tex/latex/biblatex\blx-bibtex.def
File: blx-bibtex.def 2020/12/31 v3.16 biblatex compatibility (PK/MW)


Package biblatex Warning: Using fall-back BibTeX(8) backend:
(biblatex)                functionality may be reduced/unavailable.

)
Package biblatex Info: Trying to load generic definitions...
Package biblatex Info: ... file 'biblatex.def' found.
 (D:\Programs\MikTeX\tex/latex/biblatex\biblatex.def
File: biblatex.def 2020/12/31 v3.16 biblatex compatibility (PK/MW)
\c@textcitecount=\count398
\c@textcitetotal=\count399
\c@textcitemaxnames=\count400
\c@biburlbigbreakpenalty=\count401
\c@biburlbreakpenalty=\count402
\c@biburlnumpenalty=\count403
\c@biburlucpenalty=\count404
\c@biburllcpenalty=\count405
\biburlbigskip=\muskip17
\biburlnumskip=\muskip18
\biburlucskip=\muskip19
\biburllcskip=\muskip20
\c@smartand=\count406
)
Package biblatex Info: Trying to load bibliography style 'numeric'...
Package biblatex Info: ... file 'numeric.bbx' found.

(D:\Programs\MikTeX\tex/latex/biblatex/bbx\numeric.bbx
File: numeric.bbx 2020/12/31 v3.16 biblatex bibliography style (PK/MW)
Package biblatex Info: Trying to load bibliography style 'standard'...
Package biblatex Info: ... file 'standard.bbx' found.

(D:\Programs\MikTeX\tex/latex/biblatex/bbx\standard.bbx
File: standard.bbx 2020/12/31 v3.16 biblatex bibliography style (PK/MW)
\c@bbx:relatedcount=\count407
\c@bbx:relatedtotal=\count408
))
Package biblatex Info: Trying to load citation style 'numeric'...
Package biblatex Info: ... file 'numeric.cbx' found.

(D:\Programs\MikTeX\tex/latex/biblatex/cbx\numeric.cbx
File: numeric.cbx 2020/12/31 v3.16 biblatex citation style (PK/MW)
Package biblatex Info: Redefining '\cite'.
Package biblatex Info: Redefining '\parencite'.
Package biblatex Info: Redefining '\footcite'.
Package biblatex Info: Redefining '\footcitetext'.
Package biblatex Info: Redefining '\smartcite'.
Package biblatex Info: Redefining '\supercite'.
Package biblatex Info: Redefining '\textcite'.
Package biblatex Info: Redefining '\textcites'.
Package biblatex Info: Redefining '\cites'.
Package biblatex Info: Redefining '\parencites'.
Package biblatex Info: Redefining '\smartcites'.
)
Package biblatex Info: Trying to load configuration file...
Package biblatex Info: ... file 'biblatex.cfg' found.

(D:\Programs\MikTeX\tex/latex/biblatex\biblatex.cfg
File: biblatex.cfg 
))
(D:\Programs\MikTeX\tex/latex/hyperref\hyperref.sty
Package: hyperref 2021-02-10 v7.00j Hypertext links for LaTeX

(D:\Programs\MikTeX\tex/generic/kvdefinekeys\kvdefinekeys.sty
Package: kvdefinekeys 2019-12-19 v1.6 Define keys (HO)
)
(D:\Programs\MikTeX\tex/generic/pdfescape\pdfescape.sty
Package: pdfescape 2019/12/09 v1.15 Implements pdfTeX's escape features (HO)
)
(D:\Programs\MikTeX\tex/latex/hycolor\hycolor.sty
Package: hycolor 2020-01-27 v1.10 Color options for hyperref/bookmark (HO)
)
(D:\Programs\MikTeX\tex/latex/letltxmacro\letltxmacro.sty
Package: letltxmacro 2019/12/03 v1.6 Let assignment for LaTeX macros (HO)
)
(D:\Programs\MikTeX\tex/latex/auxhook\auxhook.sty
Package: auxhook 2019-12-17 v1.6 Hooks for auxiliary files (HO)
)
\@linkdim=\dimen174
\Hy@linkcounter=\count409
\Hy@pagecounter=\count410

(D:\Programs\MikTeX\tex/latex/hyperref\pd1enc.def
File: pd1enc.def 2021-02-10 v7.00j Hyperref: PDFDocEncoding definition (HO)
Now handling font encoding PD1 ...
... no UTF-8 mapping file for font encoding PD1
)
(D:\Programs\MikTeX\tex/latex/hyperref\hyperref-langpatches.def
File: hyperref-langpatches.def 2021-02-10 v7.00j Hyperref: patches for babel la
nguages
)
(D:\Programs\MikTeX\tex/generic/intcalc\intcalc.sty
Package: intcalc 2019/12/15 v1.3 Expandable calculations with integers (HO)
)
(D:\Programs\MikTeX\tex/generic/etexcmds\etexcmds.sty
Package: etexcmds 2019/12/15 v1.7 Avoid name clashes with e-TeX commands (HO)
)
\Hy@SavedSpaceFactor=\count411

(D:\Programs\MikTeX\tex/latex/hyperref\puenc.def
File: puenc.def 2021-02-10 v7.00j Hyperref: PDF Unicode definition (HO)
Now handling font encoding PU ...
... no UTF-8 mapping file for font encoding PU
)
Package hyperref Info: Hyper figures OFF on input line 4192.
Package hyperref Info: Link nesting OFF on input line 4197.
Package hyperref Info: Hyper index ON on input line 4200.
Package hyperref Info: Plain pages OFF on input line 4207.
Package hyperref Info: Backreferencing OFF on input line 4212.
Package hyperref Info: Implicit mode ON; LaTeX internals redefined.
Package hyperref Info: Bookmarks ON on input line 4445.
\c@Hy@tempcnt=\count412
LaTeX Info: Redefining \url on input line 4804.
\XeTeXLinkMargin=\dimen175

(D:\Programs\MikTeX\tex/generic/bitset\bitset.sty
Package: bitset 2019/12/09 v1.3 Handle bit-vector datatype (HO)

(D:\Programs\MikTeX\tex/generic/bigintcalc\bigintcalc.sty
Package: bigintcalc 2019/12/15 v1.5 Expandable calculations on big integers (HO
)
))
\Fld@menulength=\count413
\Field@Width=\dimen176
\Fld@charsize=\dimen177
Package hyperref Info: Hyper figures OFF on input line 6075.
Package hyperref Info: Link nesting OFF on input line 6080.
Package hyperref Info: Hyper index ON on input line 6083.
Package hyperref Info: backreferencing OFF on input line 6090.
Package hyperref Info: Link coloring OFF on input line 6095.
Package hyperref Info: Link coloring with OCG OFF on input line 6100.
Package hyperref Info: PDF/A mode OFF on input line 6105.
LaTeX Info: Redefining \ref on input line 6145.
LaTeX Info: Redefining \pageref on input line 6149.

(D:\Programs\MikTeX\tex/latex/base\atbegshi-ltx.sty
Package: atbegshi-ltx 2020/08/17 v1.0a Emulation of the original atbegshi packa
ge
with kernel methods
)
\Hy@abspage=\count414
\c@Item=\count415
\c@Hfootnote=\count416
)
Package hyperref Info: Driver (autodetected): hpdftex.

(D:\Programs\MikTeX\tex/latex/hyperref\hpdftex.def
File: hpdftex.def 2021-02-10 v7.00j Hyperref driver for pdfTeX

(D:\Programs\MikTeX\tex/latex/base\atveryend-ltx.sty
Package: atveryend-ltx 2020/08/19 v1.0a Emulation of the original atvery packag
e
with kernel methods
)
\Fld@listcount=\count417
\c@bookmark@seq@number=\count418

(D:\Programs\MikTeX\tex/latex/rerunfilecheck\rerunfilecheck.sty
Package: rerunfilecheck 2019/12/05 v1.9 Rerun checks for auxiliary files (HO)

(D:\Programs\MikTeX\tex/generic/uniquecounter\uniquecounter.sty
Package: uniquecounter 2019/12/15 v1.4 Provide unlimited unique counter (HO)
)
Package uniquecounter Info: New unique counter `rerunfilecheck' on input line 2
86.
)
\Hy@SectionHShift=\skip108
)
Package hyperref Info: Option `colorlinks' set `true' on input line 81.

(D:\Programs\MikTeX\tex/latex/epstopdf-pkg\epstopdf.sty
Package: epstopdf 2020-01-24 v2.11 Conversion with epstopdf on the fly (HO)

(D:\Programs\MikTeX\tex/latex/grfext\grfext.sty
Package: grfext 2019/12/03 v1.3 Manage graphics extensions (HO)
)
(D:\Programs\MikTeX\tex/latex/epstopdf-pkg\epstopdf-base.sty
Package: epstopdf-base 2020-01-24 v2.11 Base part for package epstopdf
Package epstopdf-base Info: Redefining graphics rule for `.eps' on input line 4
85.
Package grfext Info: Graphics extension search list:
(grfext)             [.pdf,.png,.jpg,.mps,.jpeg,.jbig2,.jb2,.PDF,.PNG,.JPG,.JPE
G,.JBIG2,.JB2,.eps]
(grfext)             \AppendGraphicsExtensions on input line 504.
))
Package grfext Info: Graphics extension search list:
(grfext)             [.pdf,.png,.jpg,.mps,.jpeg,.jbig2,.jb2,.PDF,.PNG,.JPG,.JPE
G,.JBIG2,.JB2,.eps,.tif]
(grfext)             \AppendGraphicsExtensions on input line 86.

(D:\Programs\MikTeX\tex/latex/base\textcomp.sty
Package: textcomp 2020/02/02 v2.0n Standard LaTeX package
)
(D:\Programs\MikTeX\tex/latex/pdfpages\pdfpages.sty
Package: pdfpages 2021/02/05 v0.5s Insert pages of external PDF documents (AM)

(D:\Programs\MikTeX\tex/latex/latex-tools\calc.sty
Package: calc 2017/05/25 v4.3 Infix arithmetic (KKT,FJ)
\calc@Acount=\count419
\calc@Bcount=\count420
\calc@Adimen=\dimen178
\calc@Bdimen=\dimen179
\calc@Askip=\skip109
\calc@Bskip=\skip110
LaTeX Info: Redefining \setlength on input line 80.
LaTeX Info: Redefining \addtolength on input line 81.
\calc@Ccount=\count421
\calc@Cskip=\skip111
)
(D:\Programs\MikTeX\tex/latex/eso-pic\eso-pic.sty
Package: eso-pic 2020/10/14 v3.0a eso-pic (RN)
\ESO@tempdima=\dimen180
\ESO@tempdimb=\dimen181

(D:\Programs\MikTeX\tex/latex/xcolor\xcolor.sty
Package: xcolor 2016/05/11 v2.12 LaTeX color extensions (UK)

(D:\Programs\MikTeX\tex/latex/graphics-cfg\color.cfg
File: color.cfg 2016/01/02 v1.6 sample color configuration
)
Package xcolor Info: Driver file: pdftex.def on input line 225.
Package xcolor Info: Model `cmy' substituted by `cmy0' on input line 1348.
Package xcolor Info: Model `hsb' substituted by `rgb' on input line 1352.
Package xcolor Info: Model `RGB' extended on input line 1364.
Package xcolor Info: Model `HTML' substituted by `rgb' on input line 1366.
Package xcolor Info: Model `Hsb' substituted by `hsb' on input line 1367.
Package xcolor Info: Model `tHsb' substituted by `hsb' on input line 1368.
Package xcolor Info: Model `HSB' substituted by `hsb' on input line 1369.
Package xcolor Info: Model `Gray' substituted by `gray' on input line 1370.
Package xcolor Info: Model `wave' substituted by `hsb' on input line 1371.
))
\AM@pagewidth=\dimen182
\AM@pageheight=\dimen183
\AM@fboxrule=\dimen184

(D:\Programs\MikTeX\tex/latex/pdfpages\pppdftex.def
File: pppdftex.def 2021/02/05 v0.5s Pdfpages driver for pdfTeX (AM)
)
\pdfpages@includegraphics@status=\count422
\AM@pagebox=\box95
\AM@global@opts=\toks23
\AM@pagecnt=\count423
\AM@toc@title=\toks24
\c@AM@survey=\count424
\AM@templatesizebox=\box96
)
(D:\Programs\MikTeX\tex/latex/inconsolata\inconsolata.sty
Package: inconsolata 2019/05/17 v1.12

`inconsolata-zi4' v1.12, 2019/05/17 Text macros for Inconsolata (msharpe)
(D:\Programs\MikTeX\tex/latex/xkeyval\xkeyval.sty
Package: xkeyval 2020/11/20 v2.8 package option processing (HA)

(D:\Programs\MikTeX\tex/generic/xkeyval\xkeyval.tex
(D:\Programs\MikTeX\tex/generic/xkeyval\xkvutils.tex
\XKV@toks=\toks25
\XKV@tempa@toks=\toks26
)
\XKV@depth=\count425
File: xkeyval.tex 2014/12/03 v2.7a key=value parser (HA)
))
\zifour@ocount=\count426
)
(D:\Programs\MikTeX\tex/latex/tcolorbox\tcolorbox.sty
Package: tcolorbox 2020/10/09 version 4.42 text color boxes

(D:\Programs\MikTeX\tex/latex/pgf/basiclayer\pgf.sty
(D:\Programs\MikTeX\tex/latex/pgf/utilities\pgfrcs.sty
(D:\Programs\MikTeX\tex/generic/pgf/utilities\pgfutil-common.tex
\pgfutil@everybye=\toks27
\pgfutil@tempdima=\dimen185
\pgfutil@tempdimb=\dimen186

(D:\Programs\MikTeX\tex/generic/pgf/utilities\pgfutil-common-lists.tex))
(D:\Programs\MikTeX\tex/generic/pgf/utilities\pgfutil-latex.def
\pgfutil@abb=\box97
)
(D:\Programs\MikTeX\tex/generic/pgf/utilities\pgfrcs.code.tex
(D:\Programs\MikTeX\tex/generic/pgf\pgf.revision.tex)
Package: pgfrcs 2020/12/27 v3.1.8b (3.1.8b)
))
Package: pgf 2020/12/27 v3.1.8b (3.1.8b)

(D:\Programs\MikTeX\tex/latex/pgf/basiclayer\pgfcore.sty
(D:\Programs\MikTeX\tex/latex/pgf/systemlayer\pgfsys.sty
(D:\Programs\MikTeX\tex/generic/pgf/systemlayer\pgfsys.code.tex
Package: pgfsys 2020/12/27 v3.1.8b (3.1.8b)

(D:\Programs\MikTeX\tex/generic/pgf/utilities\pgfkeys.code.tex
\pgfkeys@pathtoks=\toks28
\pgfkeys@temptoks=\toks29

(D:\Programs\MikTeX\tex/generic/pgf/utilities\pgfkeysfiltered.code.tex
\pgfkeys@tmptoks=\toks30
))
\pgf@x=\dimen187
\pgf@y=\dimen188
\pgf@xa=\dimen189
\pgf@ya=\dimen190
\pgf@xb=\dimen191
\pgf@yb=\dimen192
\pgf@xc=\dimen193
\pgf@yc=\dimen194
\pgf@xd=\dimen195
\pgf@yd=\dimen196
\w@pgf@writea=\write5
\r@pgf@reada=\read4
\c@pgf@counta=\count427
\c@pgf@countb=\count428
\c@pgf@countc=\count429
\c@pgf@countd=\count430
\t@pgf@toka=\toks31
\t@pgf@tokb=\toks32
\t@pgf@tokc=\toks33
\pgf@sys@id@count=\count431

(D:\Programs\MikTeX\tex/generic/pgf/systemlayer\pgf.cfg
File: pgf.cfg 2020/12/27 v3.1.8b (3.1.8b)
)
Driver file for pgf: pgfsys-pdftex.def

(D:\Programs\MikTeX\tex/generic/pgf/systemlayer\pgfsys-pdftex.def
File: pgfsys-pdftex.def 2020/12/27 v3.1.8b (3.1.8b)

(D:\Programs\MikTeX\tex/generic/pgf/systemlayer\pgfsys-common-pdf.def
File: pgfsys-common-pdf.def 2020/12/27 v3.1.8b (3.1.8b)
)))
(D:\Programs\MikTeX\tex/generic/pgf/systemlayer\pgfsyssoftpath.code.tex
File: pgfsyssoftpath.code.tex 2020/12/27 v3.1.8b (3.1.8b)
\pgfsyssoftpath@smallbuffer@items=\count432
\pgfsyssoftpath@bigbuffer@items=\count433
)
(D:\Programs\MikTeX\tex/generic/pgf/systemlayer\pgfsysprotocol.code.tex
File: pgfsysprotocol.code.tex 2020/12/27 v3.1.8b (3.1.8b)
))
(D:\Programs\MikTeX\tex/generic/pgf/basiclayer\pgfcore.code.tex
Package: pgfcore 2020/12/27 v3.1.8b (3.1.8b)

(D:\Programs\MikTeX\tex/generic/pgf/math\pgfmath.code.tex
(D:\Programs\MikTeX\tex/generic/pgf/math\pgfmathcalc.code.tex
(D:\Programs\MikTeX\tex/generic/pgf/math\pgfmathutil.code.tex)
(D:\Programs\MikTeX\tex/generic/pgf/math\pgfmathparser.code.tex
\pgfmath@dimen=\dimen197
\pgfmath@count=\count434
\pgfmath@box=\box98
\pgfmath@toks=\toks34
\pgfmath@stack@operand=\toks35
\pgfmath@stack@operation=\toks36
)
(D:\Programs\MikTeX\tex/generic/pgf/math\pgfmathfunctions.code.tex
(D:\Programs\MikTeX\tex/generic/pgf/math\pgfmathfunctions.basic.code.tex)
(D:\Programs\MikTeX\tex/generic/pgf/math\pgfmathfunctions.trigonometric.code.te
x) (D:\Programs\MikTeX\tex/generic/pgf/math\pgfmathfunctions.random.code.tex)
(D:\Programs\MikTeX\tex/generic/pgf/math\pgfmathfunctions.comparison.code.tex)
(D:\Programs\MikTeX\tex/generic/pgf/math\pgfmathfunctions.base.code.tex)
(D:\Programs\MikTeX\tex/generic/pgf/math\pgfmathfunctions.round.code.tex)
(D:\Programs\MikTeX\tex/generic/pgf/math\pgfmathfunctions.misc.code.tex)
(D:\Programs\MikTeX\tex/generic/pgf/math\pgfmathfunctions.integerarithmetics.co
de.tex))) (D:\Programs\MikTeX\tex/generic/pgf/math\pgfmathfloat.code.tex
\c@pgfmathroundto@lastzeros=\count435
))
(D:\Programs\MikTeX\tex/generic/pgf/math\pgfint.code.tex)
(D:\Programs\MikTeX\tex/generic/pgf/basiclayer\pgfcorepoints.code.tex
File: pgfcorepoints.code.tex 2020/12/27 v3.1.8b (3.1.8b)
\pgf@picminx=\dimen198
\pgf@picmaxx=\dimen199
\pgf@picminy=\dimen256
\pgf@picmaxy=\dimen257
\pgf@pathminx=\dimen258
\pgf@pathmaxx=\dimen259
\pgf@pathminy=\dimen260
\pgf@pathmaxy=\dimen261
\pgf@xx=\dimen262
\pgf@xy=\dimen263
\pgf@yx=\dimen264
\pgf@yy=\dimen265
\pgf@zx=\dimen266
\pgf@zy=\dimen267
)
(D:\Programs\MikTeX\tex/generic/pgf/basiclayer\pgfcorepathconstruct.code.tex
File: pgfcorepathconstruct.code.tex 2020/12/27 v3.1.8b (3.1.8b)
\pgf@path@lastx=\dimen268
\pgf@path@lasty=\dimen269
)
(D:\Programs\MikTeX\tex/generic/pgf/basiclayer\pgfcorepathusage.code.tex
File: pgfcorepathusage.code.tex 2020/12/27 v3.1.8b (3.1.8b)
\pgf@shorten@end@additional=\dimen270
\pgf@shorten@start@additional=\dimen271
)
(D:\Programs\MikTeX\tex/generic/pgf/basiclayer\pgfcorescopes.code.tex
File: pgfcorescopes.code.tex 2020/12/27 v3.1.8b (3.1.8b)
\pgfpic=\box99
\pgf@hbox=\box100
\pgf@layerbox@main=\box101
\pgf@picture@serial@count=\count436
)
(D:\Programs\MikTeX\tex/generic/pgf/basiclayer\pgfcoregraphicstate.code.tex
File: pgfcoregraphicstate.code.tex 2020/12/27 v3.1.8b (3.1.8b)
\pgflinewidth=\dimen272
)
(D:\Programs\MikTeX\tex/generic/pgf/basiclayer\pgfcoretransformations.code.tex
File: pgfcoretransformations.code.tex 2020/12/27 v3.1.8b (3.1.8b)
\pgf@pt@x=\dimen273
\pgf@pt@y=\dimen274
\pgf@pt@temp=\dimen275
) (D:\Programs\MikTeX\tex/generic/pgf/basiclayer\pgfcorequick.code.tex
File: pgfcorequick.code.tex 2020/12/27 v3.1.8b (3.1.8b)
)
(D:\Programs\MikTeX\tex/generic/pgf/basiclayer\pgfcoreobjects.code.tex
File: pgfcoreobjects.code.tex 2020/12/27 v3.1.8b (3.1.8b)
)
(D:\Programs\MikTeX\tex/generic/pgf/basiclayer\pgfcorepathprocessing.code.tex
File: pgfcorepathprocessing.code.tex 2020/12/27 v3.1.8b (3.1.8b)
)
(D:\Programs\MikTeX\tex/generic/pgf/basiclayer\pgfcorearrows.code.tex
File: pgfcorearrows.code.tex 2020/12/27 v3.1.8b (3.1.8b)
\pgfarrowsep=\dimen276
)
(D:\Programs\MikTeX\tex/generic/pgf/basiclayer\pgfcoreshade.code.tex
File: pgfcoreshade.code.tex 2020/12/27 v3.1.8b (3.1.8b)
\pgf@max=\dimen277
\pgf@sys@shading@range@num=\count437
\pgf@shadingcount=\count438
)
(D:\Programs\MikTeX\tex/generic/pgf/basiclayer\pgfcoreimage.code.tex
File: pgfcoreimage.code.tex 2020/12/27 v3.1.8b (3.1.8b)

(D:\Programs\MikTeX\tex/generic/pgf/basiclayer\pgfcoreexternal.code.tex
File: pgfcoreexternal.code.tex 2020/12/27 v3.1.8b (3.1.8b)
\pgfexternal@startupbox=\box102
))
(D:\Programs\MikTeX\tex/generic/pgf/basiclayer\pgfcorelayers.code.tex
File: pgfcorelayers.code.tex 2020/12/27 v3.1.8b (3.1.8b)
)
(D:\Programs\MikTeX\tex/generic/pgf/basiclayer\pgfcoretransparency.code.tex
File: pgfcoretransparency.code.tex 2020/12/27 v3.1.8b (3.1.8b)
)
(D:\Programs\MikTeX\tex/generic/pgf/basiclayer\pgfcorepatterns.code.tex
File: pgfcorepatterns.code.tex 2020/12/27 v3.1.8b (3.1.8b)
)
(D:\Programs\MikTeX\tex/generic/pgf/basiclayer\pgfcorerdf.code.tex
File: pgfcorerdf.code.tex 2020/12/27 v3.1.8b (3.1.8b)
)))
(D:\Programs\MikTeX\tex/generic/pgf/modules\pgfmoduleshapes.code.tex
File: pgfmoduleshapes.code.tex 2020/12/27 v3.1.8b (3.1.8b)
\pgfnodeparttextbox=\box103
)
(D:\Programs\MikTeX\tex/generic/pgf/modules\pgfmoduleplot.code.tex
File: pgfmoduleplot.code.tex 2020/12/27 v3.1.8b (3.1.8b)
)
(D:\Programs\MikTeX\tex/latex/pgf/compatibility\pgfcomp-version-0-65.sty
Package: pgfcomp-version-0-65 2020/12/27 v3.1.8b (3.1.8b)
\pgf@nodesepstart=\dimen278
\pgf@nodesepend=\dimen279
)
(D:\Programs\MikTeX\tex/latex/pgf/compatibility\pgfcomp-version-1-18.sty
Package: pgfcomp-version-1-18 2020/12/27 v3.1.8b (3.1.8b)
))
(D:\Programs\MikTeX\tex/latex/latex-tools\verbatim.sty
Package: verbatim 2020-07-07 v1.5u LaTeX2e package for verbatim enhancements
\every@verbatim=\toks37
\verbatim@line=\toks38
\verbatim@in@stream=\read5
)
(D:\Programs\MikTeX\tex/latex/environ\environ.sty
Package: environ 2014/05/04 v0.3 A new way to define environments

(D:\Programs\MikTeX\tex/latex/trimspaces\trimspaces.sty
Package: trimspaces 2009/09/17 v1.1 Trim spaces around a token list
)
\@envbody=\toks39
)
\tcb@titlebox=\box104
\tcb@upperbox=\box105
\tcb@lowerbox=\box106
\tcb@phantombox=\box107
\c@tcbbreakpart=\count439
\c@tcblayer=\count440
\c@tcolorbox@number=\count441
\tcb@temp=\box108
\tcb@temp=\box109
\tcb@temp=\box110
\tcb@temp=\box111
\tcb@out=\write6
\tcb@record@out=\write7
)

Package csquotes Warning: Load 'inputenc' before 'csquotes' on input line 186.

Package csquotes Info: Checking for multilingual support...
Package csquotes Info: ... found 'babel' package.
Package csquotes Info: Adjusting default style.
Package csquotes Info: Redefining alias 'default' -> 'english'.
(D:\Programs\MikTeX\tex/latex/l3backend\l3backend-pdftex.def
File: l3backend-pdftex.def 2021-02-18 L3 backend support: PDF output (pdfTeX)
\l__color_backend_stack_int=\count442
\l__pdf_internal_box=\box112
) (FDR_Draft.aux)
\openout1 = `FDR_Draft.aux'.

LaTeX Font Info:    Checking defaults for OML/cmm/m/it on input line 186.
LaTeX Font Info:    ... okay on input line 186.
LaTeX Font Info:    Checking defaults for OMS/cmsy/m/n on input line 186.
LaTeX Font Info:    ... okay on input line 186.
LaTeX Font Info:    Checking defaults for OT1/cmr/m/n on input line 186.
LaTeX Font Info:    ... okay on input line 186.
LaTeX Font Info:    Checking defaults for T1/cmr/m/n on input line 186.
LaTeX Font Info:    ... okay on input line 186.
LaTeX Font Info:    Checking defaults for TS1/cmr/m/n on input line 186.
LaTeX Font Info:    ... okay on input line 186.
LaTeX Font Info:    Checking defaults for OMX/cmex/m/n on input line 186.
LaTeX Font Info:    ... okay on input line 186.
LaTeX Font Info:    Checking defaults for U/cmr/m/n on input line 186.
LaTeX Font Info:    ... okay on input line 186.
LaTeX Font Info:    Checking defaults for PD1/pdf/m/n on input line 186.
LaTeX Font Info:    ... okay on input line 186.
LaTeX Font Info:    Checking defaults for PU/pdf/m/n on input line 186.
LaTeX Font Info:    ... okay on input line 186.

*geometry* driver: auto-detecting
*geometry* detected driver: pdftex
*geometry* verbose mode - [ preamble ] result:
* driver: pdftex
* paper: letterpaper
* layout: <same size as paper>
* layoutoffset:(h,v)=(0.0pt,0.0pt)
* modes: 
* h-part:(L,W,R)=(90.3375pt, 451.68752pt, 72.26999pt)
* v-part:(T,H,B)=(72.26999pt, 650.43001pt, 72.26999pt)
* \paperwidth=614.295pt
* \paperheight=794.96999pt
* \textwidth=451.68752pt
* \textheight=650.43001pt
* \oddsidemargin=18.0675pt
* \evensidemargin=18.0675pt
* \topmargin=-37.0pt
* \headheight=12.0pt
* \headsep=25.0pt
* \topskip=12.0pt
* \footskip=30.0pt
* \marginparwidth=44.0pt
* \marginparsep=10.0pt
* \columnsep=10.0pt
* \skip\footins=10.8pt plus 4.0pt minus 2.0pt
* \hoffset=0.0pt
* \voffset=0.0pt
* \mag=1000
* \@twocolumnfalse
* \@twosidefalse
* \@mparswitchfalse
* \@reversemarginfalse
* (1in=72.27pt=25.4mm, 1cm=28.453pt)

(D:\Programs\MikTeX\tex/context/base/mkii\supp-pdf.mkii
[Loading MPS to PDF converter (version 2006.09.02).]
\scratchcounter=\count443
\scratchdimen=\dimen280
\scratchbox=\box113
\nofMPsegments=\count444
\nofMParguments=\count445
\everyMPshowfont=\toks40
\MPscratchCnt=\count446
\MPscratchDim=\dimen281
\MPnumerator=\count447
\makeMPintoPDFobject=\count448
\everyMPtoPDFconversion=\toks41
)
Package caption Info: Begin \AtBeginDocument code.
Package caption Info: hyperref package is loaded.
Package caption Info: wrapfig package is loaded.
Package caption Info: End \AtBeginDocument code.
Package biblatex Info: Trying to load language 'english'...
Package biblatex Info: ... file 'english.lbx' found.
 (D:\Programs\MikTeX\tex/latex/biblatex/lbx\english.lbx
File: english.lbx 2020/12/31 v3.16 biblatex localization (PK/MW)
)
Package biblatex Info: Input encoding 'utf8' detected.
Package biblatex Info: Automatic encoding selection.
(biblatex)             Assuming data encoding 'utf8'.
Package biblatex Info: Input encoding 'utf8' specified.
Package biblatex Info: Data encoding 'utf8' specified.
(biblatex)             No need to reencode data.
Package biblatex Info: Document encoding is UTF8 ....

(D:\Programs\MikTeX\tex/latex/l3kernel\expl3.sty
Package: expl3 2021-02-18 L3 programming layer (loader) 
)
Package biblatex Info: ... and expl3
(biblatex)             2021-02-18 L3 programming layer (loader) 
(biblatex)             is new enough (at least 2020/04/06),
(biblatex)             setting 'casechanger=expl3'.

(D:\Programs\MikTeX\tex/latex/biblatex\blx-case-expl3.sty
(D:\Programs\MikTeX\tex/latex/l3packages/xparse\xparse.sty
Package: xparse 2020-10-27 L3 Experimental document command parser

(D:\Programs\MikTeX\tex/latex/l3packages/xparse\xparse-generic.tex))
Package: blx-case-expl3 2020/12/31 v3.16 expl3 case changing code for biblatex
)
\openout4 = `FDR_Draft-blx.bib'.

Package biblatex Info: Trying to load bibliographic data...
Package biblatex Info: ... file 'FDR_Draft.bbl' found.

(FDR_Draft.bbl

Package biblatex Warning: BibTeX reported the following issues
(biblatex)                with 'WiboSHPS':
(biblatex)                - Invalid format of field 'urldate'.


Package biblatex Warning: BibTeX reported the following issues
(biblatex)                with 'MSP430FR599x':
(biblatex)                - Invalid format of field 'urldate'.


Package biblatex Warning: BibTeX reported the following issues
(biblatex)                with 'testKit':
(biblatex)                - Invalid format of field 'urldate'.


Package biblatex Warning: BibTeX reported the following issues
(biblatex)                with 'TPSM265R1':
(biblatex)                - Invalid format of field 'urldate'.


Package biblatex Warning: BibTeX reported the following issues
(biblatex)                with 'TPS54160':
(biblatex)                - Invalid format of field 'urldate'.


Package biblatex Warning: BibTeX reported the following issues
(biblatex)                with 'rfCond':
(biblatex)                - Invalid format of field 'urldate'.

)
Package biblatex Info: Reference section=0 on input line 186.
Package biblatex Info: Reference segment=0 on input line 186.
Package hyperref Info: Link coloring ON on input line 186.
 (D:\Programs\MikTeX\tex/latex/hyperref\nameref.sty
Package: nameref 2021-04-02 v2.47 Cross-referencing by name of section

(D:\Programs\MikTeX\tex/latex/refcount\refcount.sty
Package: refcount 2019/12/15 v3.6 Data extraction from label references (HO)
)
(D:\Programs\MikTeX\tex/generic/gettitlestring\gettitlestring.sty
Package: gettitlestring 2019/12/15 v1.6 Cleanup title references (HO)
)
\c@section@level=\count449
)
LaTeX Info: Redefining \ref on input line 186.
LaTeX Info: Redefining \pageref on input line 186.
LaTeX Info: Redefining \nameref on input line 186.

(FDR_Draft.out) (FDR_Draft.out)
\@outlinefile=\write8
\openout8 = `FDR_Draft.out'.


(D:\Programs\MikTeX\tex/latex/pdflscape\pdflscape.sty
Package: pdflscape 2019/12/05 v0.12 Display of landscape pages in PDF (HO)

(D:\Programs\MikTeX\tex/latex/graphics\lscape.sty
Package: lscape 2020/05/28 v3.02 Landscape Pages (DPC)
)
Package pdflscape Info: Auto-detected driver: pdftex on input line 81.
)
(D:\Programs\MikTeX\tex/latex/upquote\upquote.sty
Package: upquote 2012/04/19 v1.3 upright-quote and grave-accent glyphs in verba
tim
)
LaTeX Font Info:    Trying to load font information for U+msa on input line 188
.

(D:\Programs\MikTeX\tex/latex/amsfonts\umsa.fd
File: umsa.fd 2013/01/14 v3.01 AMS symbols A
)
LaTeX Font Info:    Trying to load font information for U+msb on input line 188
.

(D:\Programs\MikTeX\tex/latex/amsfonts\umsb.fd
File: umsb.fd 2013/01/14 v3.01 AMS symbols B
) [1

{C:/Users/gibbo/AppData/Local/MiKTeX/2.9/pdftex/config/pdftex.map}] [1] [2] (FD
R_Draft.toc [3] [4])
\tf@toc=\write9
\openout9 = `FDR_Draft.toc'.

 [5]
(FDR_Draft.lof)
\tf@lof=\write10
\openout10 = `FDR_Draft.lof'.

 [6] (FDR_Draft.lot)
\tf@lot=\write11
\openout11 = `FDR_Draft.lot'.

 [7]
Underfull \hbox (badness 10000) in paragraph at lines 280--281

 []

[1]
<./images//black_box_power.png, id=724, 540.51938pt x 217.5628pt>
File: ./images//black_box_power.png Graphic file (type png)
<use ./images//black_box_power.png>
Package pdftex.def Info: ./images//black_box_power.png  used on input line 292.

(pdftex.def)             Requested size: 379.41585pt x 152.72116pt.
 [2 <C:/Users/gibbo/OneDrive/Documents/GitHub/HEC_2_senior_design/LaTeX/images/
black_box_power.png>]
<./images//power_supply_diagram.png, id=732, 735.49782pt x 328.22626pt>
File: ./images//power_supply_diagram.png Graphic file (type png)
<use ./images//power_supply_diagram.png>
Package pdftex.def Info: ./images//power_supply_diagram.png  used on input line
 316.
(pdftex.def)             Requested size: 415.55168pt x 185.44817pt.
<./images//transmitter_diagram.png, id=733, 289.83281pt x 353.06906pt>
File: ./images//transmitter_diagram.png Graphic file (type png)
<use ./images//transmitter_diagram.png>
Package pdftex.def Info: ./images//transmitter_diagram.png  used on input line 
323.
(pdftex.def)             Requested size: 185.19353pt x 225.60246pt.
<./images//receiver_diagram.png, id=734, 360.59718pt x 338.01282pt>
File: ./images//receiver_diagram.png Graphic file (type png)
<use ./images//receiver_diagram.png>
Package pdftex.def Info: ./images//receiver_diagram.png  used on input line 324
.
(pdftex.def)             Requested size: 240.2967pt x 225.24504pt.

Underfull \hbox (badness 10000) in paragraph at lines 319--328

 []

[3 <C:/Users/gibbo/OneDrive/Documents/GitHub/HEC_2_senior_design/LaTeX/images/p
ower_supply_diagram.png> <C:/Users/gibbo/OneDrive/Documents/GitHub/HEC_2_senior
_design/LaTeX/images/transmitter_diagram.png> <C:/Users/gibbo/OneDrive/Document
s/GitHub/HEC_2_senior_design/LaTeX/images/receiver_diagram.png>] [4] [5]
Underfull \hbox (badness 10000) in paragraph at lines 463--465

 []


Underfull \hbox (badness 10000) in paragraph at lines 466--468

 []


Underfull \hbox (badness 10000) in paragraph at lines 469--471

 []


Underfull \hbox (badness 10000) in paragraph at lines 472--474

 []

[6]
Underfull \hbox (badness 10000) in paragraph at lines 490--492

 []


Underfull \hbox (badness 10000) in paragraph at lines 493--495

 []


Underfull \hbox (badness 10000) in paragraph at lines 496--498

 []


Underfull \hbox (badness 10000) in paragraph at lines 506--508

 []

[7]
Underfull \hbox (badness 10000) in paragraph at lines 511--513

 []


Underfull \hbox (badness 10000) in paragraph at lines 514--516

 []


Underfull \hbox (badness 10000) in paragraph at lines 522--524

 []


Underfull \hbox (badness 10000) in paragraph at lines 525--527

 []

[8]
Underfull \hbox (badness 10000) in paragraph at lines 535--537

 []

<./images//pcb_JA_theta.png, id=770, 294.34969pt x 213.79875pt>
File: ./images//pcb_JA_theta.png Graphic file (type png)
<use ./images//pcb_JA_theta.png>
Package pdftex.def Info: ./images//pcb_JA_theta.png  used on input line 553.
(pdftex.def)             Requested size: 370.38707pt x 269.03224pt.

LaTeX Warning: `!h' float specifier changed to `!ht'.

[9]
Underfull \hbox (badness 10000) in paragraph at lines 564--583

 []

[10 <C:/Users/gibbo/OneDrive/Documents/GitHub/HEC_2_senior_design/LaTeX/images/
pcb_JA_theta.png>]
Underfull \hbox (badness 10000) in paragraph at lines 602--604

 []


Underfull \hbox (badness 10000) in paragraph at lines 605--607

 []


Underfull \hbox (badness 10000) in paragraph at lines 608--610

 []


Underfull \hbox (badness 10000) in paragraph at lines 615--617

 []

[11]
Underfull \hbox (badness 10000) in paragraph at lines 620--622

 []


Underfull \hbox (badness 10000) in paragraph at lines 623--625

 []


Underfull \hbox (badness 10000) in paragraph at lines 626--628

 []


Underfull \hbox (badness 10000) in paragraph at lines 629--631

 []

[12]
Overfull \hbox (1.41426pt too wide) in paragraph at lines 638--656
 [][] 
 []


Underfull \hbox (badness 10000) in paragraph at lines 657--658

 []


Underfull \hbox (badness 10000) in paragraph at lines 661--663

 []


Underfull \hbox (badness 10000) in paragraph at lines 664--666

 []


Underfull \hbox (badness 10000) in paragraph at lines 667--669

 []


Underfull \hbox (badness 10000) in paragraph at lines 670--672

 []


Underfull \hbox (badness 10000) in paragraph at lines 673--675

 []

[13]
Overfull \hbox (42.83516pt too wide) in paragraph at lines 682--684
[]\OT1/cmr/m/n/12 The Wire-less Power Trans-mis-sion Stage (Trans-mit-ter) will
 be con-trolled by an MSP430FR5994
 []


Underfull \hbox (badness 10000) in paragraph at lines 682--684

 []


Underfull \hbox (badness 10000) in paragraph at lines 685--687

 []


Underfull \hbox (badness 10000) in paragraph at lines 688--690

 []


Underfull \hbox (badness 10000) in paragraph at lines 691--693

 []


Underfull \hbox (badness 10000) in paragraph at lines 694--696

 []


Overfull \hbox (1.11894pt too wide) in paragraph at lines 703--705
[]\OT1/cmr/m/n/12 The Wire-less Power Re-ceiver Stage (Re-ceiver) will be con-t
rolled by an MSP430FR5994
 []


Underfull \hbox (badness 10000) in paragraph at lines 703--705

 []


Underfull \hbox (badness 10000) in paragraph at lines 706--708

 []


Underfull \hbox (badness 10000) in paragraph at lines 709--711

 []


Underfull \hbox (badness 10000) in paragraph at lines 712--714

 []


Underfull \hbox (badness 10000) in paragraph at lines 715--717

 []


Underfull \hbox (badness 10000) in paragraph at lines 718--720

 []


Underfull \hbox (badness 10000) in paragraph at lines 721--723

 []


Underfull \hbox (badness 10000) in paragraph at lines 724--726

 []

[14]
Underfull \hbox (badness 10000) in paragraph at lines 727--729

 []


Underfull \hbox (badness 10000) in paragraph at lines 730--732

 []


Underfull \hbox (badness 10000) in paragraph at lines 733--735

 []


Underfull \hbox (badness 10000) in paragraph at lines 742--743

 []


Underfull \hbox (badness 10000) in paragraph at lines 744--746

 []


Underfull \hbox (badness 10000) in paragraph at lines 747--749

 []


Underfull \hbox (badness 10000) in paragraph at lines 750--752

 []

[15]
Underfull \hbox (badness 10000) in paragraph at lines 843--844

 []


Underfull \hbox (badness 10000) in paragraph at lines 945--946

 []

[16]
Overfull \hbox (1.41426pt too wide) in paragraph at lines 953--1048
 [][] 
 []


Underfull \hbox (badness 10000) in paragraph at lines 1049--1050

 []


Overfull \hbox (1.41426pt too wide) in paragraph at lines 1055--1100
 [][] 
 []


LaTeX Warning: `!h' float specifier changed to `!ht'.


Underfull \hbox (badness 10000) in paragraph at lines 1101--1102

 []


Overfull \hbox (1.41426pt too wide) in paragraph at lines 1107--1129
 [][] 
 []


LaTeX Warning: `!h' float specifier changed to `!ht'.


Underfull \hbox (badness 10000) in paragraph at lines 1130--1131

 []


Overfull \hbox (1.41426pt too wide) in paragraph at lines 1136--1171
 [][] 
 []


LaTeX Warning: `!h' float specifier changed to `!ht'.


Underfull \hbox (badness 10000) in paragraph at lines 1172--1173

 []

[17] [18]
Underfull \hbox (badness 10000) in paragraph at lines 1197--1198

 []


Overfull \hbox (1.41426pt too wide) in paragraph at lines 1204--1225
 [][] 
 []


LaTeX Warning: `!h' float specifier changed to `!ht'.


Underfull \hbox (badness 10000) in paragraph at lines 1226--1227

 []

[19]
Underfull \hbox (badness 10000) in paragraph at lines 1235--1237

 []

[20]
<./images//total_diagram.png, id=841, 574.39594pt x 773.13844pt>
File: ./images//total_diagram.png Graphic file (type png)
<use ./images//total_diagram.png>
Package pdftex.def Info: ./images//total_diagram.png  used on input line 1244.
(pdftex.def)             Requested size: 397.48721pt x 535.03513pt.
 [21 <C:/Users/gibbo/OneDrive/Documents/GitHub/HEC_2_senior_design/LaTeX/images
/total_diagram.png>]
Underfull \hbox (badness 10000) in paragraph at lines 1251--1252

 []


Underfull \hbox (badness 10000) in paragraph at lines 1253--1255

 []

<./images//gui_wireframe.png, id=847, 1134.48843pt x 728.7225pt>
File: ./images//gui_wireframe.png Graphic file (type png)
<use ./images//gui_wireframe.png>
Package pdftex.def Info: ./images//gui_wireframe.png  used on input line 1260.
(pdftex.def)             Requested size: 397.48721pt x 255.32356pt.
[22 <C:/Users/gibbo/OneDrive/Documents/GitHub/HEC_2_senior_design/LaTeX/images/
gui_wireframe.png>]
Underfull \hbox (badness 10000) in paragraph at lines 1270--1271

 []

<./images//trans_sub_volt_reg.png, id=853, 871.75688pt x 355.3275pt>
File: ./images//trans_sub_volt_reg.png Graphic file (type png)
<use ./images//trans_sub_volt_reg.png>
Package pdftex.def Info: ./images//trans_sub_volt_reg.png  used on input line 1
279.
(pdftex.def)             Requested size: 397.48721pt x 162.01582pt.
[23 <C:/Users/gibbo/OneDrive/Documents/GitHub/HEC_2_senior_design/LaTeX/images/
trans_sub_volt_reg.png>]
<./images//controller_block.png, id=860, 657.2053pt x 628.59843pt>
File: ./images//controller_block.png Graphic file (type png)
<use ./images//controller_block.png>
Package pdftex.def Info: ./images//controller_block.png  used on input line 129
2.
(pdftex.def)             Requested size: 397.48721pt x 380.19292pt.
 [24 <C:/Users/gibbo/OneDrive/Documents/GitHub/HEC_2_senior_design/LaTeX/images
/controller_block.png>]
Underfull \hbox (badness 10000) in paragraph at lines 1300--1302

 []

<./images//trans_coil.png, id=866, 1071.25218pt x 295.85532pt>
File: ./images//trans_coil.png Graphic file (type png)
<use ./images//trans_coil.png>
Package pdftex.def Info: ./images//trans_coil.png  used on input line 1307.
(pdftex.def)             Requested size: 397.48721pt x 109.77623pt.

Underfull \hbox (badness 10000) in paragraph at lines 1313--1315

 []

[25 <C:/Users/gibbo/OneDrive/Documents/GitHub/HEC_2_senior_design/LaTeX/images/
trans_coil.png>]
<./images//tx_smps.png, id=872, 1260.20813pt x 487.8225pt>
File: ./images//tx_smps.png Graphic file (type png)
<use ./images//tx_smps.png>
Package pdftex.def Info: ./images//tx_smps.png  used on input line 1329.
(pdftex.def)             Requested size: 417.81232pt x 161.73372pt.

Underfull \hbox (badness 10000) in paragraph at lines 1333--1335

 []

<./images//tx_dc_rf_driver.png, id=873, 1175.14032pt x 313.9228pt>
File: ./images//tx_dc_rf_driver.png Graphic file (type png)
<use ./images//tx_dc_rf_driver.png>
Package pdftex.def Info: ./images//tx_dc_rf_driver.png  used on input line 1342
.
(pdftex.def)             Requested size: 417.81232pt x 111.61342pt.

Overfull \hbox (6.40372pt too wide) in paragraph at lines 1346--1348
\OT1/cmr/m/n/12 U6: NUD3112LT1G), and LCD con-trast con-trol (U7: MCP4531-103E/
MS). The schematic
 []

[26 <C:/Users/gibbo/OneDrive/Documents/GitHub/HEC_2_senior_design/LaTeX/images/
tx_smps.png> <C:/Users/gibbo/OneDrive/Documents/GitHub/HEC_2_senior_design/LaTe
X/images/tx_dc_rf_driver.png>]
Underfull \hbox (badness 10000) in paragraph at lines 1351--1352

 []

File: ./images//controller_block.png Graphic file (type png)
<use ./images//controller_block.png>
Package pdftex.def Info: ./images//controller_block.png  used on input line 135
9.
(pdftex.def)             Requested size: 397.48721pt x 380.19292pt.
[27]
Underfull \hbox (badness 10000) in paragraph at lines 1366--1368

 []

<./images//recv_coil.png, id=882, 1075.01625pt x 458.46281pt>
File: ./images//recv_coil.png Graphic file (type png)
<use ./images//recv_coil.png>
Package pdftex.def Info: ./images//recv_coil.png  used on input line 1375.
(pdftex.def)             Requested size: 397.48721pt x 169.51665pt.
<./images//recv_sub_volt_reg.png, id=883, 586.44093pt x 455.45157pt>
File: ./images//recv_sub_volt_reg.png Graphic file (type png)
<use ./images//recv_sub_volt_reg.png>
Package pdftex.def Info: ./images//recv_sub_volt_reg.png  used on input line 13
85.
(pdftex.def)             Requested size: 203.258pt x 157.85371pt.
[28 <C:/Users/gibbo/OneDrive/Documents/GitHub/HEC_2_senior_design/LaTeX/images/
recv_coil.png> <C:/Users/gibbo/OneDrive/Documents/GitHub/HEC_2_senior_design/La
TeX/images/recv_sub_volt_reg.png>]
Underfull \hbox (badness 10000) in paragraph at lines 1392--1394

 []


Underfull \hbox (badness 10000) in paragraph at lines 1395--1397

 []


Underfull \hbox (badness 10000) in paragraph at lines 1398--1400

 []


Underfull \hbox (badness 10000) in paragraph at lines 1401--1403

 []


Underfull \hbox (badness 10000) in paragraph at lines 1404--1406

 []

<./images//rx_dc_rf_conv.png, id=890, 1135.24126pt x 301.125pt>
File: ./images//rx_dc_rf_conv.png Graphic file (type png)
<use ./images//rx_dc_rf_conv.png>
Package pdftex.def Info: ./images//rx_dc_rf_conv.png  used on input line 1414.
(pdftex.def)             Requested size: 397.48721pt x 105.43208pt.
[29 <C:/Users/gibbo/OneDrive/Documents/GitHub/HEC_2_senior_design/LaTeX/images/
rx_dc_rf_conv.png>]
Underfull \hbox (badness 10000) in paragraph at lines 1422--1423

 []

<./images//Coil_CAD.png, id=896, 1132.23pt x 627.09282pt>
File: ./images//Coil_CAD.png Graphic file (type png)
<use ./images//Coil_CAD.png>
Package pdftex.def Info: ./images//Coil_CAD.png  used on input line 1430.
(pdftex.def)             Requested size: 429.10176pt x 237.65665pt.
[30 <C:/Users/gibbo/OneDrive/Documents/GitHub/HEC_2_senior_design/LaTeX/images/
Coil_CAD.png>]
Underfull \hbox (badness 10000) in paragraph at lines 1439--1440

 []

<./images//mcu_workflow.png, id=902, 539.01375pt x 562.35094pt>
File: ./images//mcu_workflow.png Graphic file (type png)
<use ./images//mcu_workflow.png>
Package pdftex.def Info: ./images//mcu_workflow.png  used on input line 1447.
(pdftex.def)             Requested size: 397.48721pt x 414.7002pt.

Underfull \hbox (badness 10000) in paragraph at lines 1453--1454

 []

[31 <C:/Users/gibbo/OneDrive/Documents/GitHub/HEC_2_senior_design/LaTeX/images/
mcu_workflow.png>]
<./images//mcv_arch.png, id=907, 517.935pt x 536.0025pt>
File: ./images//mcv_arch.png Graphic file (type png)
<use ./images//mcv_arch.png>
Package pdftex.def Info: ./images//mcv_arch.png  used on input line 1461.
(pdftex.def)             Requested size: 397.48721pt x 411.3737pt.
 [32 <C:/Users/gibbo/OneDrive/Documents/GitHub/HEC_2_senior_design/LaTeX/images
/mcv_arch.png>]
Underfull \hbox (badness 10000) in paragraph at lines 1470--1471

 []


Underfull \hbox (badness 10000) in paragraph at lines 1472--1475

 []


Underfull \hbox (badness 10000) in paragraph at lines 1476--1485

 []


Underfull \hbox (badness 10000) in paragraph at lines 1486--1495

 []


Underfull \hbox (badness 10000) in paragraph at lines 1496--1505

 []


Underfull \hbox (badness 10000) in paragraph at lines 1506--1515

 []


Underfull \hbox (badness 10000) in paragraph at lines 1516--1525

 []


Underfull \hbox (badness 10000) in paragraph at lines 1526--1535

 []


Underfull \hbox (badness 10000) in paragraph at lines 1536--1545

 []

[33]
Underfull \hbox (badness 10000) in paragraph at lines 1560--1562

 []


Underfull \hbox (badness 10000) in paragraph at lines 1563--1566

 []


Underfull \hbox (badness 10000) in paragraph at lines 1567--1575

 []


Underfull \hbox (badness 10000) in paragraph at lines 1576--1584

 []


Underfull \hbox (badness 10000) in paragraph at lines 1585--1593

 []


Underfull \hbox (badness 10000) in paragraph at lines 1594--1602

 []


Underfull \hbox (badness 10000) in paragraph at lines 1603--1611

 []


Underfull \hbox (badness 10000) in paragraph at lines 1612--1620

 []

[34]
Underfull \hbox (badness 10000) in paragraph at lines 1633--1641

 []


Underfull \hbox (badness 10000) in paragraph at lines 1642--1650

 []

LaTeX Font Info:    Trying to load font information for OT1+zi4 on input line 1
658.
(D:\Programs\MikTeX\tex/latex/inconsolata\ot1zi4.fd
File: ot1zi4.fd 2018/01/14 OT1/zi4 (Inconsolata)
)
LaTeX Font Info:    Font shape `OT1/zi4/m/n' will be
(Font)              scaled to size 12.0pt on input line 1658.

Underfull \hbox (badness 10000) in paragraph at lines 1651--1659

 []


Underfull \hbox (badness 10000) in paragraph at lines 1660--1668

 []


Underfull \hbox (badness 10000) in paragraph at lines 1669--1677

 []


Underfull \hbox (badness 10000) in paragraph at lines 1678--1686

 []


Underfull \hbox (badness 10000) in paragraph at lines 1687--1695

 []


Underfull \hbox (badness 10000) in paragraph at lines 1696--1704

 []

[35]
Overfull \hbox (3.49237pt too wide) in paragraph at lines 1733--1733
\OT1/zi4/m/n/12 standard-[]battery-[]packs / 
 []

[36]
Overfull \hbox (13.53625pt too wide) in paragraph at lines 1752--1777
 [][] 
 []

[37]
Underfull \hbox (badness 10000) in paragraph at lines 1785--1787

 []


Underfull \hbox (badness 10000) in paragraph at lines 1793--1795

 []


Underfull \hbox (badness 10000) in paragraph at lines 1796--1797

 []

LaTeX Font Info:    Trying to load font information for OMS+zi4 on input line 1
806.
LaTeX Font Info:    No file OMSzi4.fd. on input line 1806.

LaTeX Font Warning: Font shape `OMS/zi4/m/n' undefined
(Font)              using `OMS/cmsy/m/n' instead
(Font)              for symbol `textbraceleft' on input line 1806.

[38]
Underfull \hbox (badness 10000) in paragraph at lines 1816--1817

 []


Underfull \hbox (badness 10000) in paragraph at lines 1819--1837

 []


Underfull \hbox (badness 10000) in paragraph at lines 1819--1837

 []

[39]
Underfull \hbox (badness 10000) in paragraph at lines 1845--1846

 []


Underfull \hbox (badness 10000) in paragraph at lines 1847--1849

 []


Underfull \hbox (badness 10000) in paragraph at lines 1850--1862

 []


Underfull \hbox (badness 10000) in paragraph at lines 1863--1867

 []


Underfull \hbox (badness 10000) in paragraph at lines 1868--1872

 []


Underfull \hbox (badness 10000) in paragraph at lines 1873--1875

 []

[40]
Underfull \hbox (badness 10000) in paragraph at lines 1890--1896

 []


Underfull \hbox (badness 10000) in paragraph at lines 1897--1899

 []


Underfull \hbox (badness 10000) in paragraph at lines 1900--1901

 []


Underfull \hbox (badness 10000) in paragraph at lines 1902--1904

 []


Underfull \hbox (badness 10000) in paragraph at lines 1905--1907

 []


Underfull \hbox (badness 10000) in paragraph at lines 1908--1912

 []

[41]
<./images//tx_pcb_tslk.png, id=990, 904.1278pt x 593.96906pt>
File: ./images//tx_pcb_tslk.png Graphic file (type png)
<use ./images//tx_pcb_tslk.png>
Package pdftex.def Info: ./images//tx_pcb_tslk.png  used on input line 1922.
(pdftex.def)             Requested size: 338.76563pt x 222.54752pt.
<./images//tx_pcb_top_metal.png, id=991, 834.86906pt x 612.78937pt>
File: ./images//tx_pcb_top_metal.png Graphic file (type png)
<use ./images//tx_pcb_top_metal.png>
Package pdftex.def Info: ./images//tx_pcb_top_metal.png  used on input line 193
1.
(pdftex.def)             Requested size: 338.76563pt x 248.6552pt.
 [42 <C:/Users/gibbo/OneDrive/Documents/GitHub/HEC_2_senior_design/LaTeX/images
/tx_pcb_tslk.png> <C:/Users/gibbo/OneDrive/Documents/GitHub/HEC_2_senior_design
/LaTeX/images/tx_pcb_top_metal.png>]
Underfull \hbox (badness 10000) in paragraph at lines 1939--1945

 []


Underfull \hbox (badness 10000) in paragraph at lines 1950--1951

 []


Underfull \hbox (badness 10000) in paragraph at lines 1956--1957

 []


Underfull \hbox (badness 10000) in paragraph at lines 1958--1960

 []

[43]
Underfull \hbox (badness 10000) in paragraph at lines 1978--1982

 []


Underfull \hbox (badness 10000) in paragraph at lines 1983--1986

 []


Underfull \hbox (badness 10000) in paragraph at lines 1987--1989

 []


Underfull \hbox (badness 10000) in paragraph at lines 1990--1999

 []


Underfull \hbox (badness 10000) in paragraph at lines 2000--2006

 []


Underfull \hbox (badness 10000) in paragraph at lines 2007--2009

 []

[44]
Underfull \hbox (badness 10000) in paragraph at lines 2023--2025

 []


Underfull \hbox (badness 10000) in paragraph at lines 2026--2030

 []

<./images//rx_pcb_tslk.png, id=1004, 973.38657pt x 682.04813pt>
File: ./images//rx_pcb_tslk.png Graphic file (type png)
<use ./images//rx_pcb_tslk.png>
Package pdftex.def Info: ./images//rx_pcb_tslk.png  used on input line 2036.
(pdftex.def)             Requested size: 397.48721pt x 278.51756pt.
[45 <C:/Users/gibbo/OneDrive/Documents/GitHub/HEC_2_senior_design/LaTeX/images/
rx_pcb_tslk.png>]
<./images//rx_pcb_top_metal.png, id=1009, 963.6pt x 672.26157pt>
File: ./images//rx_pcb_top_metal.png Graphic file (type png)
<use ./images//rx_pcb_top_metal.png>
Package pdftex.def Info: ./images//rx_pcb_top_metal.png  used on input line 205
0.
(pdftex.def)             Requested size: 338.76563pt x 236.34137pt.

Underfull \hbox (badness 10000) in paragraph at lines 2054--2056

 []


Underfull \hbox (badness 10000) in paragraph at lines 2057--2062

 []


Underfull \hbox (badness 10000) in paragraph at lines 2068--2070

 []

[46 <C:/Users/gibbo/OneDrive/Documents/GitHub/HEC_2_senior_design/LaTeX/images/
rx_pcb_top_metal.png>]
Underfull \hbox (badness 10000) in paragraph at lines 2083--2085

 []


Underfull \hbox (badness 10000) in paragraph at lines 2086--2088

 []


Underfull \hbox (badness 10000) in paragraph at lines 2089--2096

 []


Underfull \hbox (badness 10000) in paragraph at lines 2097--2104

 []

[47]
Underfull \hbox (badness 10000) in paragraph at lines 2117--2119

 []


Underfull \hbox (badness 10000) in paragraph at lines 2120--2126

 []


Underfull \hbox (badness 10000) in paragraph at lines 2127--2134

 []


Underfull \hbox (badness 10000) in paragraph at lines 2135--2137

 []

[48] [49] [50]
Overfull \hbox (2.31865pt too wide) in paragraph at lines 2334--2361
 [][] 
 []

[51] [52]
Underfull \hbox (badness 10000) in paragraph at lines 2413--2416

 []


Underfull \hbox (badness 10000) in paragraph at lines 2417--2422

 []


Underfull \hbox (badness 10000) in paragraph at lines 2417--2422

 []

[53]
<./images//Transmitter_power_supply_sch_diag.png, id=1046, 615.0478pt x 542.777
82pt>
File: ./images//Transmitter_power_supply_sch_diag.png Graphic file (type png)
<use ./images//Transmitter_power_supply_sch_diag.png>
Package pdftex.def Info: ./images//Transmitter_power_supply_sch_diag.png  used 
on input line 2431.
(pdftex.def)             Requested size: 370.38707pt x 326.8701pt.

Underfull \hbox (badness 10000) in paragraph at lines 2440--2442

 []


Underfull \hbox (badness 10000) in paragraph at lines 2443--2445

 []

[54 <C:/Users/gibbo/OneDrive/Documents/GitHub/HEC_2_senior_design/LaTeX/images/
Transmitter_power_supply_sch_diag.png>]
<./images//TX_oscillator_and_buffer.png, id=1052, 781.41937pt x 389.20406pt>
File: ./images//TX_oscillator_and_buffer.png Graphic file (type png)
<use ./images//TX_oscillator_and_buffer.png>
Package pdftex.def Info: ./images//TX_oscillator_and_buffer.png  used on input 
line 2451.
(pdftex.def)             Requested size: 406.516pt x 202.47635pt.
 [55 <C:/Users/gibbo/OneDrive/Documents/GitHub/HEC_2_senior_design/LaTeX/images
/TX_oscillator_and_buffer.png>]
Underfull \hbox (badness 10000) in paragraph at lines 2457--2459

 []


Underfull \hbox (badness 10000) in paragraph at lines 2460--2462

 []

<./images//Class_E_amplifier.png, id=1058, 968.86969pt x 486.31688pt>
File: ./images//Class_E_amplifier.png Graphic file (type png)
<use ./images//Class_E_amplifier.png>
Package pdftex.def Info: ./images//Class_E_amplifier.png  used on input line 24
68.
(pdftex.def)             Requested size: 406.516pt x 204.05133pt.
<./images//Variable_RX-TX_Distance.png, id=1059, 708.6475pt x 202.7575pt>
File: ./images//Variable_RX-TX_Distance.png Graphic file (type png)
<use ./images//Variable_RX-TX_Distance.png>
Package pdftex.def Info: ./images//Variable_RX-TX_Distance.png  used on input l
ine 2479.
(pdftex.def)             Requested size: 338.76563pt x 96.92957pt.
[56 <C:/Users/gibbo/OneDrive/Documents/GitHub/HEC_2_senior_design/LaTeX/images/
Class_E_amplifier.png>]
<./images//receiver_pcb_layout.png, id=1065, 930.47626pt x 688.82344pt>
File: ./images//receiver_pcb_layout.png Graphic file (type png)
<use ./images//receiver_pcb_layout.png>
Package pdftex.def Info: ./images//receiver_pcb_layout.png  used on input line 
2490.
(pdftex.def)             Requested size: 361.35138pt x 267.50491pt.
 [57 <C:/Users/gibbo/OneDrive/Documents/GitHub/HEC_2_senior_design/LaTeX/images
/Variable_RX-TX_Distance.png> <C:/Users/gibbo/OneDrive/Documents/GitHub/HEC_2_s
enior_design/LaTeX/images/receiver_pcb_layout.png>]
[58]
<./images//RX_COIL_TERMINALS.png, id=1076, 397.485pt x 335.75438pt>
File: ./images//RX_COIL_TERMINALS.png Graphic file (type png)
<use ./images//RX_COIL_TERMINALS.png>
Package pdftex.def Info: ./images//RX_COIL_TERMINALS.png  used on input line 25
23.
(pdftex.def)             Requested size: 338.76563pt x 286.16104pt.

Underfull \hbox (badness 10000) in paragraph at lines 2518--2529

 []


Underfull \hbox (badness 10000) in paragraph at lines 2530--2535

 []

[59 <C:/Users/gibbo/OneDrive/Documents/GitHub/HEC_2_senior_design/LaTeX/images/
RX_COIL_TERMINALS.png>]
Underfull \hbox (badness 10000) in paragraph at lines 2544--2546

 []


Underfull \hbox (badness 10000) in paragraph at lines 2549--2555

 []

<./images//RX_EFF_TEST.png, id=1083, 799.98875pt x 211.79124pt>
File: ./images//RX_EFF_TEST.png Graphic file (type png)
<use ./images//RX_EFF_TEST.png>
Package pdftex.def Info: ./images//RX_EFF_TEST.png  used on input line 2565.
(pdftex.def)             Requested size: 361.35138pt x 95.66711pt.

Underfull \hbox (badness 10000) in paragraph at lines 2571--2576

 []

[60 <C:/Users/gibbo/OneDrive/Documents/GitHub/HEC_2_senior_design/LaTeX/images/
RX_EFF_TEST.png>]
Underfull \hbox (badness 10000) in paragraph at lines 2577--2579

 []

[61] [62]
Underfull \hbox (badness 10000) in paragraph at lines 2600--2601

 []


Underfull \hbox (badness 10000) in paragraph at lines 2602--2604

 []


Underfull \hbox (badness 10000) in paragraph at lines 2609--2612

 []

<./images//RX_SUBSYSTEM_COIL_TERMINALS.PNG, id=1098, 169.38281pt x 153.57375pt>

File: ./images//RX_SUBSYSTEM_COIL_TERMINALS.PNG Graphic file (type png)
<use ./images//RX_SUBSYSTEM_COIL_TERMINALS.PNG>
Package pdftex.def Info: ./images//RX_SUBSYSTEM_COIL_TERMINALS.PNG  used on inp
ut line 2618.
(pdftex.def)             Requested size: 225.84375pt x 204.77307pt.
[63 <C:/Users/gibbo/OneDrive/Documents/GitHub/HEC_2_senior_design/LaTeX/images/
RX_SUBSYSTEM_COIL_TERMINALS.PNG>]
Underfull \hbox (badness 10000) in paragraph at lines 2624--2626

 []


Underfull \hbox (badness 10000) in paragraph at lines 2627--2629

 []

[64]
Underfull \hbox (badness 10000) in paragraph at lines 2645--2650

 []


Underfull \hbox (badness 10000) in paragraph at lines 2651--2653

 []

<./images//osc_out.png, id=1110, 321.2pt x 240.9pt>
File: ./images//osc_out.png Graphic file (type png)
<use ./images//osc_out.png>
Package pdftex.def Info: ./images//osc_out.png  used on input line 2660.
(pdftex.def)             Requested size: 361.35138pt x 271.02284pt.
[65 <C:/Users/gibbo/OneDrive/Documents/GitHub/HEC_2_senior_design/LaTeX/images/
osc_out.png (PNG copy)>]
<./images//Q1_measured.jpg, id=1116, 971.3088pt x 728.4816pt>
File: ./images//Q1_measured.jpg Graphic file (type jpg)
<use ./images//Q1_measured.jpg>
Package pdftex.def Info: ./images//Q1_measured.jpg  used on input line 2671.
(pdftex.def)             Requested size: 293.59412pt x 220.19128pt.
<./images//t_coil_v_measured.jpg, id=1117, 971.3088pt x 728.4816pt>
File: ./images//t_coil_v_measured.jpg Graphic file (type jpg)
<use ./images//t_coil_v_measured.jpg>
Package pdftex.def Info: ./images//t_coil_v_measured.jpg  used on input line 26
80.
(pdftex.def)             Requested size: 293.59412pt x 220.19128pt.
 [66 <C:/Users/gibbo/OneDrive/Documents/GitHub/HEC_2_senior_design/LaTeX/images
/Q1_measured.jpg> <C:/Users/gibbo/OneDrive/Documents/GitHub/HEC_2_senior_design
/LaTeX/images/t_coil_v_measured.jpg>]
Overfull \hbox (4.82428pt too wide) in paragraph at lines 2698--2698
 []\OT1/cmr/m/n/12 V$[]$ 
 []


Overfull \hbox (4.0104pt too wide) in paragraph at lines 2700--2700
 []\OT1/cmr/m/n/12 P$[]$ 
 []


Overfull \hbox (4.27383pt too wide) in paragraph at lines 2701--2701
 []\OT1/cmr/m/n/12 Efficiency 
 []


Underfull \hbox (badness 10000) in paragraph at lines 2721--2722

 []


Underfull \hbox (badness 10000) in paragraph at lines 2722--2727

 []


Overfull \hbox (4.82428pt too wide) in paragraph at lines 2739--2739
 []\OT1/cmr/m/n/12 V$[]$ 
 []


Overfull \hbox (4.0104pt too wide) in paragraph at lines 2741--2741
 []\OT1/cmr/m/n/12 P$[]$ 
 []


Overfull \hbox (4.27383pt too wide) in paragraph at lines 2742--2742
 []\OT1/cmr/m/n/12 Efficiency 
 []

[67]
Underfull \hbox (badness 10000) in paragraph at lines 2763--2764

 []


Overfull \hbox (3.90286pt too wide) in paragraph at lines 2778--2778
 []\OT1/cmr/m/n/12 V$[]$ 
 []


Overfull \hbox (1.49083pt too wide) in paragraph at lines 2805--2805
 []\OT1/cmr/m/n/12 V$[]$ 
 []


Overfull \hbox (3.13531pt too wide) in paragraph at lines 2811--2811
 []\OT1/cmr/m/n/12 V$[]$ 
 []


Overfull \hbox (2.32144pt too wide) in paragraph at lines 2812--2812
 []\OT1/cmr/m/n/12 P$[]$ 
 []

[68]
<./images//VNA_measured.jpg, id=1132, 971.3088pt x 728.4816pt>
File: ./images//VNA_measured.jpg Graphic file (type jpg)
<use ./images//VNA_measured.jpg>
Package pdftex.def Info: ./images//VNA_measured.jpg  used on input line 2828.
(pdftex.def)             Requested size: 361.35138pt x 271.01236pt.
 [69 <C:/Users/gibbo/OneDrive/Documents/GitHub/HEC_2_senior_design/LaTeX/images
/VNA_measured.jpg>] [70]
Underfull \hbox (badness 10000) in paragraph at lines 2920--2954

 []

[71]
Underfull \hbox (badness 10000) in paragraph at lines 3056--3058

 []

[72]
Underfull \hbox (badness 10000) in paragraph at lines 3139--3141

 []


Underfull \hbox (badness 10000) in paragraph at lines 3142--3144

 []


Underfull \hbox (badness 10000) in paragraph at lines 3145--3147

 []

[73]
Overfull \hbox (1.41426pt too wide) in paragraph at lines 3154--3175
 [][] 
 []


Underfull \hbox (badness 10000) in paragraph at lines 3176--3177

 []


Underfull \hbox (badness 10000) in paragraph at lines 3180--3182

 []


Underfull \hbox (badness 10000) in paragraph at lines 3183--3187

 []

[74] [75]
Underfull \hbox (badness 10000) in paragraph at lines 3188--3190

 []


Underfull \hbox (badness 10000) in paragraph at lines 3191--3193

 []


Underfull \hbox (badness 10000) in paragraph at lines 3194--3196

 []


Underfull \hbox (badness 10000) in paragraph at lines 3197--3199

 []


Underfull \hbox (badness 10000) in paragraph at lines 3200--3202

 []

[76]
Underfull \hbox (badness 10000) in paragraph at lines 3208--3210

 []


Underfull \hbox (badness 10000) in paragraph at lines 3211--3213

 []


Underfull \hbox (badness 10000) in paragraph at lines 3214--3216

 []


Underfull \hbox (badness 10000) in paragraph at lines 3217--3219

 []


Underfull \hbox (badness 10000) in paragraph at lines 3220--3224

 []

[77]
Underfull \hbox (badness 10000) in paragraph at lines 3225--3227

 []


Underfull \hbox (badness 10000) in paragraph at lines 3228--3230

 []

